
                         MODELLER 10.5, 2024/01/19, r12711

     PROTEIN STRUCTURE MODELLING BY SATISFACTION OF SPATIAL RESTRAINTS


                     Copyright(c) 1989-2024 Andrej Sali
                            All Rights Reserved

                             Written by A. Sali
                               with help from
              B. Webb, M.S. Madhusudhan, M-Y. Shen, G.Q. Dong,
          M.A. Marti-Renom, N. Eswar, F. Alber, M. Topf, B. Oliva,
             A. Fiser, R. Sanchez, B. Yerkovich, A. Badretdinov,
                     F. Melo, J.P. Overington, E. Feyfant
                 University of California, San Francisco, USA
                    Rockefeller University, New York, USA
                      Harvard University, Cambridge, USA
                   Imperial Cancer Research Fund, London, UK
              Birkbeck College, University of London, London, UK


Kind, OS, HostName, Kernel, Processor: 4, Darwin Spec-Pickle.local 21.1.0 arm64
Date and time of compilation         : 2024/01/19 15:39:00
MODELLER executable type             : mac12arm64-gnu
Job starting time (YY/MM/DD HH:MM:SS): 2024/10/15 12:04:53

environ____W> The class 'environ' is deprecated; use 'Environ' instead
alignment__W> The class 'alignment' is deprecated; use 'Alignment' instead
model______W> The class 'model' is deprecated; use 'Model' instead
pdbnam_____E> Filename for PDB code not found: 1bdm
              Directories: 
              Extensions : :.atm:.pdb:.ent:.cif:.crd
              (Also tried prepending 'pdb', looking for .Z, .gz, .bz2, .7z, .xz,
              and trying PDB-style subdirectories - e.g. ab for pdb1abc.ent)

